demo/buildout/outputs/logs/manifest-merger-noExtensions-debug-report.txt
-- Merging decision tree log ---
manifest
ADDED from src/main/AndroidManifest.xml:17:1-92:12
INJECTED from src/main/AndroidManifest.xml:17:1-92:12
INJECTED from src/main/AndroidManifest.xml:17:1-92:12
MERGED from [:telemetryframework] AndroidManifest.xml:2:1-16:12
MERGED from [com.google.android.exoplayer:exoplayer:r2.5.4] AndroidManifest.xml:17:1-25:12
MERGED from [com.google.android.exoplayer:exoplayer-dash:r2.5.4] AndroidManifest.xml:17:1-25:12
MERGED from [com.google.android.exoplayer:exoplayer-hls:r2.5.4] AndroidManifest.xml:17:1-25:12
MERGED from [com.google.android.exoplayer:exoplayer-smoothstreaming:r2.5.4] AndroidManifest.xml:17:1-25:12
MERGED from [com.google.android.exoplayer:exoplayer-ui:r2.5.4] AndroidManifest.xml:17:1-25:12
MERGED from [com.google.android.exoplayer:exoplayer-core:r2.5.4] AndroidManifest.xml:17:1-25:12
MERGED from [com.android.support:support-core-utils:25.4.0] AndroidManifest.xml:17:1-31:12
MERGED from [com.android.support:support-compat:25.4.0] AndroidManifest.xml:17:1-31:12
INJECTED from src/main/AndroidManifest.xml:17:1-92:12
INJECTED from src/main/AndroidManifest.xml:17:1-92:12
	package
		ADDED from src/main/AndroidManifest.xml:18:5-49
	android:versionName
		ADDED from src/main/AndroidManifest.xml:20:5-32
		INJECTED from src/main/AndroidManifest.xml
		INJECTED from src/main/AndroidManifest.xml
	xmlns:android
		ADDED from src/main/AndroidManifest.xml:17:11-69
	android:versionCode
		ADDED from src/main/AndroidManifest.xml:19:5-31
		INJECTED from src/main/AndroidManifest.xml
		INJECTED from src/main/AndroidManifest.xml
uses-permission#android.permission.INTERNET
ADDED from src/main/AndroidManifest.xml:23:3-65
MERGED from [:telemetryframework] AndroidManifest.xml:13:5-67
MERGED from [:telemetryframework] AndroidManifest.xml:13:5-67
	android:name
		ADDED from src/main/AndroidManifest.xml:23:20-62
uses-permission#android.permission.READ_EXTERNAL_STORAGE
ADDED from src/main/AndroidManifest.xml:24:3-78
MERGED from [:telemetryframework] AndroidManifest.xml:14:5-80
MERGED from [:telemetryframework] AndroidManifest.xml:14:5-80
	android:name
		ADDED from src/main/AndroidManifest.xml:24:20-75
uses-feature#android.software.leanback
ADDED from src/main/AndroidManifest.xml:26:3-28:34
	android:required
		ADDED from src/main/AndroidManifest.xml:28:7-31
	android:name
		ADDED from src/main/AndroidManifest.xml:27:7-47
uses-feature#android.hardware.touchscreen
ADDED from src/main/AndroidManifest.xml:29:3-31:34
	android:required
		ADDED from src/main/AndroidManifest.xml:31:7-31
	android:name
		ADDED from src/main/AndroidManifest.xml:30:7-50
uses-permission#android.permission.READ_PHONE_STATE
ADDED from src/main/AndroidManifest.xml:33:3-73
	android:name
		ADDED from src/main/AndroidManifest.xml:33:20-70
uses-permission#android.permission.ACCESS_COARSE_LOCATION
ADDED from src/main/AndroidManifest.xml:34:3-79
	android:name
		ADDED from src/main/AndroidManifest.xml:34:20-76
uses-sdk
ADDED from src/main/AndroidManifest.xml:36:3-38:39
INJECTED from src/main/AndroidManifest.xml:36:3-38:39
INJECTED from src/main/AndroidManifest.xml:36:3-38:39
MERGED from [:telemetryframework] AndroidManifest.xml:7:5-9:41
MERGED from [:telemetryframework] AndroidManifest.xml:7:5-9:41
MERGED from [com.google.android.exoplayer:exoplayer:r2.5.4] AndroidManifest.xml:21:5-23:41
MERGED from [com.google.android.exoplayer:exoplayer:r2.5.4] AndroidManifest.xml:21:5-23:41
MERGED from [com.google.android.exoplayer:exoplayer-dash:r2.5.4] AndroidManifest.xml:21:5-23:41
MERGED from [com.google.android.exoplayer:exoplayer-dash:r2.5.4] AndroidManifest.xml:21:5-23:41
MERGED from [com.google.android.exoplayer:exoplayer-hls:r2.5.4] AndroidManifest.xml:21:5-23:41
MERGED from [com.google.android.exoplayer:exoplayer-hls:r2.5.4] AndroidManifest.xml:21:5-23:41
MERGED from [com.google.android.exoplayer:exoplayer-smoothstreaming:r2.5.4] AndroidManifest.xml:21:5-23:41
MERGED from [com.google.android.exoplayer:exoplayer-smoothstreaming:r2.5.4] AndroidManifest.xml:21:5-23:41
MERGED from [com.google.android.exoplayer:exoplayer-ui:r2.5.4] AndroidManifest.xml:21:5-23:41
MERGED from [com.google.android.exoplayer:exoplayer-ui:r2.5.4] AndroidManifest.xml:21:5-23:41
MERGED from [com.google.android.exoplayer:exoplayer-core:r2.5.4] AndroidManifest.xml:21:5-23:41
MERGED from [com.google.android.exoplayer:exoplayer-core:r2.5.4] AndroidManifest.xml:21:5-23:41
MERGED from [com.android.support:support-core-utils:25.4.0] AndroidManifest.xml:21:5-23:61
MERGED from [com.android.support:support-core-utils:25.4.0] AndroidManifest.xml:21:5-23:61
MERGED from [com.android.support:support-compat:25.4.0] AndroidManifest.xml:21:5-23:58
MERGED from [com.android.support:support-compat:25.4.0] AndroidManifest.xml:21:5-23:58
INJECTED from src/main/AndroidManifest.xml:36:3-38:39
INJECTED from src/main/AndroidManifest.xml:36:3-38:39
	tools:overrideLibrary
		ADDED from [com.android.support:support-core-utils:25.4.0] AndroidManifest.xml:23:9-58
	android:targetSdkVersion
		ADDED from src/main/AndroidManifest.xml:38:7-36
		INJECTED from src/main/AndroidManifest.xml
		INJECTED from src/main/AndroidManifest.xml
	android:minSdkVersion
		ADDED from src/main/AndroidManifest.xml:37:7-33
		INJECTED from src/main/AndroidManifest.xml
		INJECTED from src/main/AndroidManifest.xml
application
ADDED from src/main/AndroidManifest.xml:40:3-90:17
MERGED from [com.android.support:support-core-utils:25.4.0] AndroidManifest.xml:25:5-29:19
MERGED from [com.android.support:support-core-utils:25.4.0] AndroidManifest.xml:25:5-29:19
MERGED from [com.android.support:support-compat:25.4.0] AndroidManifest.xml:25:5-29:19
MERGED from [com.android.support:support-compat:25.4.0] AndroidManifest.xml:25:5-29:19
	android:label
		ADDED from src/main/AndroidManifest.xml:41:7-47
	android:largeHeap
		ADDED from src/main/AndroidManifest.xml:44:7-31
	android:icon
		ADDED from src/main/AndroidManifest.xml:42:7-41
	android:allowBackup
		ADDED from src/main/AndroidManifest.xml:45:7-34
	android:banner
		ADDED from src/main/AndroidManifest.xml:43:7-43
	android:name
		ADDED from src/main/AndroidManifest.xml:46:7-72
activity#com.google.android.exoplayer2.demo.SampleChooserActivity
ADDED from src/main/AndroidManifest.xml:48:5-68:16
	android:label
		ADDED from src/main/AndroidManifest.xml:50:9-49
	android:configChanges
		ADDED from src/main/AndroidManifest.xml:49:9-47
	android:name
		ADDED from src/main/AndroidManifest.xml:48:15-86
intent-filter#android.intent.action.MAIN+android.intent.category.LAUNCHER+android.intent.category.LEANBACK_LAUNCHER
ADDED from src/main/AndroidManifest.xml:51:7-55:23
action#android.intent.action.MAIN
ADDED from src/main/AndroidManifest.xml:52:9-60
	android:name
		ADDED from src/main/AndroidManifest.xml:52:17-58
category#android.intent.category.LAUNCHER
ADDED from src/main/AndroidManifest.xml:53:9-68
	android:name
		ADDED from src/main/AndroidManifest.xml:53:19-66
category#android.intent.category.LEANBACK_LAUNCHER
ADDED from src/main/AndroidManifest.xml:54:9-77
	android:name
		ADDED from src/main/AndroidManifest.xml:54:19-75
intent-filter#android.intent.action.VIEW+android.intent.category.BROWSABLE+android.intent.category.DEFAULT
ADDED from src/main/AndroidManifest.xml:56:7-67:23
action#android.intent.action.VIEW
ADDED from src/main/AndroidManifest.xml:57:9-60
	android:name
		ADDED from src/main/AndroidManifest.xml:57:17-58
category#android.intent.category.DEFAULT
ADDED from src/main/AndroidManifest.xml:58:9-67
	android:name
		ADDED from src/main/AndroidManifest.xml:58:19-65
category#android.intent.category.BROWSABLE
ADDED from src/main/AndroidManifest.xml:59:9-69
	android:name
		ADDED from src/main/AndroidManifest.xml:59:19-67
data
ADDED from src/main/AndroidManifest.xml:60:9-38
	android:host
		ADDED from src/main/AndroidManifest.xml:65:15-31
	android:scheme
		ADDED from src/main/AndroidManifest.xml:60:15-36
	android:pathPattern
		ADDED from src/main/AndroidManifest.xml:66:15-56
activity#com.google.android.exoplayer2.demo.PlayerActivity
ADDED from src/main/AndroidManifest.xml:70:5-88:16
	android:label
		ADDED from src/main/AndroidManifest.xml:73:9-49
	android:launchMode
		ADDED from src/main/AndroidManifest.xml:72:9-39
	android:configChanges
		ADDED from src/main/AndroidManifest.xml:71:9-118
	android:theme
		ADDED from src/main/AndroidManifest.xml:74:9-43
	android:name
		ADDED from src/main/AndroidManifest.xml:70:15-79
intent-filter#android.intent.category.DEFAULT+com.google.android.exoplayer.demo.action.VIEW
ADDED from src/main/AndroidManifest.xml:75:7-83:23
action#com.google.android.exoplayer.demo.action.VIEW
ADDED from src/main/AndroidManifest.xml:76:9-79
	android:name
		ADDED from src/main/AndroidManifest.xml:76:17-77
intent-filter#android.intent.category.DEFAULT+com.google.android.exoplayer.demo.action.VIEW_LIST
ADDED from src/main/AndroidManifest.xml:84:7-87:23
action#com.google.android.exoplayer.demo.action.VIEW_LIST
ADDED from src/main/AndroidManifest.xml:85:9-84
	android:name
		ADDED from src/main/AndroidManifest.xml:85:17-82
uses-permission#android.permission.ACCESS_WIFI_STATE
ADDED from [:telemetryframework] AndroidManifest.xml:11:5-76
	android:name
		ADDED from [:telemetryframework] AndroidManifest.xml:11:22-73
uses-permission#android.permission.ACCESS_NETWORK_STATE
ADDED from [:telemetryframework] AndroidManifest.xml:12:5-79
	android:name
		ADDED from [:telemetryframework] AndroidManifest.xml:12:22-76
meta-data#android.support.VERSION
ADDED from [com.android.support:support-core-utils:25.4.0] AndroidManifest.xml:26:9-28:38
MERGED from [com.android.support:support-compat:25.4.0] AndroidManifest.xml:26:9-28:38
MERGED from [com.android.support:support-compat:25.4.0] AndroidManifest.xml:26:9-28:38
	android:value
		ADDED from [com.android.support:support-core-utils:25.4.0] AndroidManifest.xml:28:13-35
	android:name
		ADDED from [com.android.support:support-core-utils:25.4.0] AndroidManifest.xml:27:13-51